生成启动时间为 2017/8/21 22:34:32。
     1>项目“E:\备份\牛顿欧拉动力学C模型\牛顿欧拉动力学模型\牛顿欧拉动力学模型.vcxproj”在节点 2 上(build 个目标)。
     1>InitializeBuildStatus:
         正在创建“Debug\牛顿欧拉动力学模型.unsuccessfulbuild”，因为已指定“AlwaysCreate”。
       ClCompile:
         D:\Program Files (x86)\Microsoft Visual Studio 10.0\VC\bin\CL.exe /c /Zi /clr /nologo /W3 /WX- /Od /Oy- /D WIN32 /D _DEBUG /D _CONSOLE /D _UNICODE /D UNICODE /Gm- /EHa /MDd /GS /fp:precise /Zc:wchar_t /Zc:forScope /Fo"Debug\\" /Fd"Debug\vc100.pdb" /Gd /TP /FU"C:\Program Files (x86)\Reference Assemblies\Microsoft\Framework\.NETFramework\v4.0\System.Core.dll" /FU"C:\Program Files (x86)\Reference Assemblies\Microsoft\Framework\.NETFramework\v4.0\System.Data.dll" /FU"C:\Program Files (x86)\Reference Assemblies\Microsoft\Framework\.NETFramework\v4.0\System.dll" /FU"C:\Program Files (x86)\Reference Assemblies\Microsoft\Framework\.NETFramework\v4.0\System.Drawing.dll" /FU"C:\Program Files (x86)\Reference Assemblies\Microsoft\Framework\.NETFramework\v4.0\System.Windows.Forms.dll" /FU"C:\Program Files (x86)\Reference Assemblies\Microsoft\Framework\.NETFramework\v4.0\System.Xml.dll" /analyze- /errorReport:prompt "牛顿欧拉动力学模型.cpp"
         牛顿欧拉动力学模型.cpp
     1>c:\program files (x86)\reference assemblies\microsoft\framework\.netframework\v4.0\system.core.dll : warning C4945: “ExtensionAttribute”: 无法从“c:\program files (x86)\reference assemblies\microsoft\framework\.netframework\v4.0\system.core.dll”导入符号: 因为“System::Runtime::CompilerServices::ExtensionAttribute”已从另一个程序集“mscorlib”导入
                 c:\windows\microsoft.net\framework\v4.0.30319\mscorlib.dll : 参见“System::Runtime::CompilerServices::ExtensionAttribute”的声明
                 使用最先看到的类型；重新排列导入程序集的顺序以使用当前类型
                 在导入类型“System.Runtime.CompilerServices.ExtensionAttribute”(从程序集“System.Core, Version=4.0.0.0, Culture=neutral, PublicKeyToken=b77a5c561934e089”中导入)时发生此诊断。
     1>牛顿欧拉动力学模型.cpp(578): warning C4996: 'fopen': This function or variable may be unsafe. Consider using fopen_s instead. To disable deprecation, use _CRT_SECURE_NO_WARNINGS. See online help for details.
                 D:\Program Files (x86)\Microsoft Visual Studio 10.0\VC\include\stdio.h(234) : 参见“fopen”的声明
     1>牛顿欧拉动力学模型.cpp(580): warning C4996: 'fopen': This function or variable may be unsafe. Consider using fopen_s instead. To disable deprecation, use _CRT_SECURE_NO_WARNINGS. See online help for details.
                 D:\Program Files (x86)\Microsoft Visual Studio 10.0\VC\include\stdio.h(234) : 参见“fopen”的声明
     1>牛顿欧拉动力学模型.cpp(582): warning C4996: 'fopen': This function or variable may be unsafe. Consider using fopen_s instead. To disable deprecation, use _CRT_SECURE_NO_WARNINGS. See online help for details.
                 D:\Program Files (x86)\Microsoft Visual Studio 10.0\VC\include\stdio.h(234) : 参见“fopen”的声明
     1>牛顿欧拉动力学模型.cpp(584): warning C4996: 'fopen': This function or variable may be unsafe. Consider using fopen_s instead. To disable deprecation, use _CRT_SECURE_NO_WARNINGS. See online help for details.
                 D:\Program Files (x86)\Microsoft Visual Studio 10.0\VC\include\stdio.h(234) : 参见“fopen”的声明
     1>牛顿欧拉动力学模型.cpp(586): warning C4996: 'fopen': This function or variable may be unsafe. Consider using fopen_s instead. To disable deprecation, use _CRT_SECURE_NO_WARNINGS. See online help for details.
                 D:\Program Files (x86)\Microsoft Visual Studio 10.0\VC\include\stdio.h(234) : 参见“fopen”的声明
     1>牛顿欧拉动力学模型.cpp(588): warning C4996: 'fopen': This function or variable may be unsafe. Consider using fopen_s instead. To disable deprecation, use _CRT_SECURE_NO_WARNINGS. See online help for details.
                 D:\Program Files (x86)\Microsoft Visual Studio 10.0\VC\include\stdio.h(234) : 参见“fopen”的声明
     1>牛顿欧拉动力学模型.cpp(573): warning C4101: “dc5”: 未引用的局部变量
     1>牛顿欧拉动力学模型.cpp(573): warning C4101: “ddc4”: 未引用的局部变量
     1>牛顿欧拉动力学模型.cpp(573): warning C4101: “c3”: 未引用的局部变量
     1>牛顿欧拉动力学模型.cpp(573): warning C4101: “dc6”: 未引用的局部变量
     1>牛顿欧拉动力学模型.cpp(573): warning C4101: “dc4”: 未引用的局部变量
     1>牛顿欧拉动力学模型.cpp(573): warning C4101: “dc1”: 未引用的局部变量
     1>牛顿欧拉动力学模型.cpp(573): warning C4101: “c1”: 未引用的局部变量
     1>牛顿欧拉动力学模型.cpp(573): warning C4101: “ddc5”: 未引用的局部变量
     1>牛顿欧拉动力学模型.cpp(573): warning C4101: “c2”: 未引用的局部变量
     1>牛顿欧拉动力学模型.cpp(573): warning C4101: “ddc1”: 未引用的局部变量
     1>牛顿欧拉动力学模型.cpp(573): warning C4101: “dc2”: 未引用的局部变量
     1>牛顿欧拉动力学模型.cpp(573): warning C4101: “c5”: 未引用的局部变量
     1>牛顿欧拉动力学模型.cpp(573): warning C4101: “ddc6”: 未引用的局部变量
     1>牛顿欧拉动力学模型.cpp(573): warning C4101: “ddc2”: 未引用的局部变量
     1>牛顿欧拉动力学模型.cpp(573): warning C4101: “dc3”: 未引用的局部变量
     1>牛顿欧拉动力学模型.cpp(573): warning C4101: “c4”: 未引用的局部变量
     1>牛顿欧拉动力学模型.cpp(573): warning C4101: “c6”: 未引用的局部变量
     1>牛顿欧拉动力学模型.cpp(573): warning C4101: “t”: 未引用的局部变量
     1>牛顿欧拉动力学模型.cpp(573): warning C4101: “ddc3”: 未引用的局部变量
     1>牛顿欧拉动力学模型.cpp(532): warning C4101: “j”: 未引用的局部变量
       ManifestResourceCompile:
         所有输出均为最新。
       Link:
         D:\Program Files (x86)\Microsoft Visual Studio 10.0\VC\bin\link.exe /ERRORREPORT:PROMPT /OUT:"E:\备份\牛顿欧拉动力学C模型\Debug\牛顿欧拉动力学模型.exe" /INCREMENTAL /NOLOGO kernel32.lib user32.lib gdi32.lib winspool.lib comdlg32.lib advapi32.lib shell32.lib ole32.lib oleaut32.lib uuid.lib odbc32.lib odbccp32.lib /MANIFEST /ManifestFile:"Debug\牛顿欧拉动力学模型.exe.intermediate.manifest" /MANIFESTUAC:"level='asInvoker' uiAccess='false'" /DEBUG /PDB:"E:\备份\牛顿欧拉动力学C模型\Debug\牛顿欧拉动力学模型.pdb" /SUBSYSTEM:CONSOLE /TLBID:1 /DYNAMICBASE /NXCOMPAT /IMPLIB:"E:\备份\牛顿欧拉动力学C模型\Debug\牛顿欧拉动力学模型.lib" /MACHINE:X86 "Debug\牛顿欧拉动力学模型.exe.embed.manifest.res"
         "Debug\牛顿欧拉动力学模型.obj"
       Manifest:
         C:\Program Files (x86)\Microsoft SDKs\Windows\v7.0A\bin\mt.exe /nologo /verbose /out:"Debug\牛顿欧拉动力学模型.exe.embed.manifest" /manifest "Debug\牛顿欧拉动力学模型.exe.intermediate.manifest"
         所有输出均为最新。
       LinkEmbedManifest:
         所有输出均为最新。
         牛顿欧拉动力学模型.vcxproj -> E:\备份\牛顿欧拉动力学C模型\Debug\牛顿欧拉动力学模型.exe
       FinalizeBuildStatus:
         正在删除文件“Debug\牛顿欧拉动力学模型.unsuccessfulbuild”。
         正在对“Debug\牛顿欧拉动力学模型.lastbuildstate”执行 Touch 任务。
     1>已完成生成项目“E:\备份\牛顿欧拉动力学C模型\牛顿欧拉动力学模型\牛顿欧拉动力学模型.vcxproj”(build 个目标)的操作。

生成成功。

已用时间 00:00:08.17
