C:\USERS\ADMINISTRATOR\DESKTOP\牛顿欧拉动力学模型\DEBUG\牛顿欧拉动力学模型.EXE
C:\USERS\ADMINISTRATOR\DESKTOP\牛顿欧拉动力学模型\DEBUG\牛顿欧拉动力学模型.ILK
C:\USERS\ADMINISTRATOR\DESKTOP\牛顿欧拉动力学模型\DEBUG\牛顿欧拉动力学模型.PDB
C:\Users\Administrator\Desktop\牛顿欧拉动力学模型\牛顿欧拉动力学模型\Debug\cl.command.1.tlog
C:\Users\Administrator\Desktop\牛顿欧拉动力学模型\牛顿欧拉动力学模型\Debug\CL.read.1.tlog
C:\Users\Administrator\Desktop\牛顿欧拉动力学模型\牛顿欧拉动力学模型\Debug\CL.write.1.tlog
C:\Users\Administrator\Desktop\牛顿欧拉动力学模型\牛顿欧拉动力学模型\Debug\link.10012.read.1.tlog
C:\Users\Administrator\Desktop\牛顿欧拉动力学模型\牛顿欧拉动力学模型\Debug\link.10012.write.1.tlog
C:\Users\Administrator\Desktop\牛顿欧拉动力学模型\牛顿欧拉动力学模型\Debug\link.10012-cvtres.read.1.tlog
C:\Users\Administrator\Desktop\牛顿欧拉动力学模型\牛顿欧拉动力学模型\Debug\link.10012-cvtres.write.1.tlog
C:\Users\Administrator\Desktop\牛顿欧拉动力学模型\牛顿欧拉动力学模型\Debug\link.10080.read.1.tlog
C:\Users\Administrator\Desktop\牛顿欧拉动力学模型\牛顿欧拉动力学模型\Debug\link.10080.write.1.tlog
C:\Users\Administrator\Desktop\牛顿欧拉动力学模型\牛顿欧拉动力学模型\Debug\link.10080-cvtres.read.1.tlog
C:\Users\Administrator\Desktop\牛顿欧拉动力学模型\牛顿欧拉动力学模型\Debug\link.10080-cvtres.write.1.tlog
C:\Users\Administrator\Desktop\牛顿欧拉动力学模型\牛顿欧拉动力学模型\Debug\link.10244.read.1.tlog
C:\Users\Administrator\Desktop\牛顿欧拉动力学模型\牛顿欧拉动力学模型\Debug\link.10244.write.1.tlog
C:\Users\Administrator\Desktop\牛顿欧拉动力学模型\牛顿欧拉动力学模型\Debug\link.10244-cvtres.read.1.tlog
C:\Users\Administrator\Desktop\牛顿欧拉动力学模型\牛顿欧拉动力学模型\Debug\link.10244-cvtres.write.1.tlog
C:\Users\Administrator\Desktop\牛顿欧拉动力学模型\牛顿欧拉动力学模型\Debug\link.10420.read.1.tlog
C:\Users\Administrator\Desktop\牛顿欧拉动力学模型\牛顿欧拉动力学模型\Debug\link.10420.write.1.tlog
C:\Users\Administrator\Desktop\牛顿欧拉动力学模型\牛顿欧拉动力学模型\Debug\link.10420-cvtres.read.1.tlog
C:\Users\Administrator\Desktop\牛顿欧拉动力学模型\牛顿欧拉动力学模型\Debug\link.10420-cvtres.write.1.tlog
C:\Users\Administrator\Desktop\牛顿欧拉动力学模型\牛顿欧拉动力学模型\Debug\link.10440.read.1.tlog
C:\Users\Administrator\Desktop\牛顿欧拉动力学模型\牛顿欧拉动力学模型\Debug\link.10440.write.1.tlog
C:\Users\Administrator\Desktop\牛顿欧拉动力学模型\牛顿欧拉动力学模型\Debug\link.10440-cvtres.read.1.tlog
C:\Users\Administrator\Desktop\牛顿欧拉动力学模型\牛顿欧拉动力学模型\Debug\link.10440-cvtres.write.1.tlog
C:\Users\Administrator\Desktop\牛顿欧拉动力学模型\牛顿欧拉动力学模型\Debug\link.10544.read.1.tlog
C:\Users\Administrator\Desktop\牛顿欧拉动力学模型\牛顿欧拉动力学模型\Debug\link.10544.write.1.tlog
C:\Users\Administrator\Desktop\牛顿欧拉动力学模型\牛顿欧拉动力学模型\Debug\link.10544-cvtres.read.1.tlog
C:\Users\Administrator\Desktop\牛顿欧拉动力学模型\牛顿欧拉动力学模型\Debug\link.10544-cvtres.write.1.tlog
C:\Users\Administrator\Desktop\牛顿欧拉动力学模型\牛顿欧拉动力学模型\Debug\link.10684.read.1.tlog
C:\Users\Administrator\Desktop\牛顿欧拉动力学模型\牛顿欧拉动力学模型\Debug\link.10684.write.1.tlog
C:\Users\Administrator\Desktop\牛顿欧拉动力学模型\牛顿欧拉动力学模型\Debug\link.10684-cvtres.read.1.tlog
C:\Users\Administrator\Desktop\牛顿欧拉动力学模型\牛顿欧拉动力学模型\Debug\link.10684-cvtres.write.1.tlog
C:\Users\Administrator\Desktop\牛顿欧拉动力学模型\牛顿欧拉动力学模型\Debug\link.10696.read.1.tlog
C:\Users\Administrator\Desktop\牛顿欧拉动力学模型\牛顿欧拉动力学模型\Debug\link.10696.write.1.tlog
C:\Users\Administrator\Desktop\牛顿欧拉动力学模型\牛顿欧拉动力学模型\Debug\link.10696-cvtres.read.1.tlog
C:\Users\Administrator\Desktop\牛顿欧拉动力学模型\牛顿欧拉动力学模型\Debug\link.10696-cvtres.write.1.tlog
C:\Users\Administrator\Desktop\牛顿欧拉动力学模型\牛顿欧拉动力学模型\Debug\link.10724.read.1.tlog
C:\Users\Administrator\Desktop\牛顿欧拉动力学模型\牛顿欧拉动力学模型\Debug\link.10724.write.1.tlog
C:\Users\Administrator\Desktop\牛顿欧拉动力学模型\牛顿欧拉动力学模型\Debug\link.10724-cvtres.read.1.tlog
C:\Users\Administrator\Desktop\牛顿欧拉动力学模型\牛顿欧拉动力学模型\Debug\link.10724-cvtres.write.1.tlog
C:\Users\Administrator\Desktop\牛顿欧拉动力学模型\牛顿欧拉动力学模型\Debug\link.10772.read.1.tlog
C:\Users\Administrator\Desktop\牛顿欧拉动力学模型\牛顿欧拉动力学模型\Debug\link.10772.write.1.tlog
C:\Users\Administrator\Desktop\牛顿欧拉动力学模型\牛顿欧拉动力学模型\Debug\link.10772-cvtres.read.1.tlog
C:\Users\Administrator\Desktop\牛顿欧拉动力学模型\牛顿欧拉动力学模型\Debug\link.10772-cvtres.write.1.tlog
C:\Users\Administrator\Desktop\牛顿欧拉动力学模型\牛顿欧拉动力学模型\Debug\link.10812.read.1.tlog
C:\Users\Administrator\Desktop\牛顿欧拉动力学模型\牛顿欧拉动力学模型\Debug\link.10812.write.1.tlog
C:\Users\Administrator\Desktop\牛顿欧拉动力学模型\牛顿欧拉动力学模型\Debug\link.10812-cvtres.read.1.tlog
C:\Users\Administrator\Desktop\牛顿欧拉动力学模型\牛顿欧拉动力学模型\Debug\link.10812-cvtres.write.1.tlog
C:\Users\Administrator\Desktop\牛顿欧拉动力学模型\牛顿欧拉动力学模型\Debug\link.10924.read.1.tlog
C:\Users\Administrator\Desktop\牛顿欧拉动力学模型\牛顿欧拉动力学模型\Debug\link.10924.write.1.tlog
C:\Users\Administrator\Desktop\牛顿欧拉动力学模型\牛顿欧拉动力学模型\Debug\link.10924-cvtres.read.1.tlog
C:\Users\Administrator\Desktop\牛顿欧拉动力学模型\牛顿欧拉动力学模型\Debug\link.10924-cvtres.write.1.tlog
C:\Users\Administrator\Desktop\牛顿欧拉动力学模型\牛顿欧拉动力学模型\Debug\link.11092.read.1.tlog
C:\Users\Administrator\Desktop\牛顿欧拉动力学模型\牛顿欧拉动力学模型\Debug\link.11092.write.1.tlog
C:\Users\Administrator\Desktop\牛顿欧拉动力学模型\牛顿欧拉动力学模型\Debug\link.11092-cvtres.read.1.tlog
C:\Users\Administrator\Desktop\牛顿欧拉动力学模型\牛顿欧拉动力学模型\Debug\link.11092-cvtres.write.1.tlog
C:\Users\Administrator\Desktop\牛顿欧拉动力学模型\牛顿欧拉动力学模型\Debug\link.11128.read.1.tlog
C:\Users\Administrator\Desktop\牛顿欧拉动力学模型\牛顿欧拉动力学模型\Debug\link.11128.write.1.tlog
C:\Users\Administrator\Desktop\牛顿欧拉动力学模型\牛顿欧拉动力学模型\Debug\link.11128-cvtres.read.1.tlog
C:\Users\Administrator\Desktop\牛顿欧拉动力学模型\牛顿欧拉动力学模型\Debug\link.11128-cvtres.write.1.tlog
C:\Users\Administrator\Desktop\牛顿欧拉动力学模型\牛顿欧拉动力学模型\Debug\link.1968.read.1.tlog
C:\Users\Administrator\Desktop\牛顿欧拉动力学模型\牛顿欧拉动力学模型\Debug\link.1968.write.1.tlog
C:\Users\Administrator\Desktop\牛顿欧拉动力学模型\牛顿欧拉动力学模型\Debug\link.1968-cvtres.read.1.tlog
C:\Users\Administrator\Desktop\牛顿欧拉动力学模型\牛顿欧拉动力学模型\Debug\link.1968-cvtres.write.1.tlog
C:\Users\Administrator\Desktop\牛顿欧拉动力学模型\牛顿欧拉动力学模型\Debug\link.2352.read.1.tlog
C:\Users\Administrator\Desktop\牛顿欧拉动力学模型\牛顿欧拉动力学模型\Debug\link.2352.write.1.tlog
C:\Users\Administrator\Desktop\牛顿欧拉动力学模型\牛顿欧拉动力学模型\Debug\link.2352-cvtres.read.1.tlog
C:\Users\Administrator\Desktop\牛顿欧拉动力学模型\牛顿欧拉动力学模型\Debug\link.2352-cvtres.write.1.tlog
C:\Users\Administrator\Desktop\牛顿欧拉动力学模型\牛顿欧拉动力学模型\Debug\link.3208.read.1.tlog
C:\Users\Administrator\Desktop\牛顿欧拉动力学模型\牛顿欧拉动力学模型\Debug\link.3208.write.1.tlog
C:\Users\Administrator\Desktop\牛顿欧拉动力学模型\牛顿欧拉动力学模型\Debug\link.3208-cvtres.read.1.tlog
C:\Users\Administrator\Desktop\牛顿欧拉动力学模型\牛顿欧拉动力学模型\Debug\link.3208-cvtres.write.1.tlog
C:\Users\Administrator\Desktop\牛顿欧拉动力学模型\牛顿欧拉动力学模型\Debug\link.3308.read.1.tlog
C:\Users\Administrator\Desktop\牛顿欧拉动力学模型\牛顿欧拉动力学模型\Debug\link.3308.write.1.tlog
C:\Users\Administrator\Desktop\牛顿欧拉动力学模型\牛顿欧拉动力学模型\Debug\link.3308-cvtres.read.1.tlog
C:\Users\Administrator\Desktop\牛顿欧拉动力学模型\牛顿欧拉动力学模型\Debug\link.3308-cvtres.write.1.tlog
C:\Users\Administrator\Desktop\牛顿欧拉动力学模型\牛顿欧拉动力学模型\Debug\link.3532.read.1.tlog
C:\Users\Administrator\Desktop\牛顿欧拉动力学模型\牛顿欧拉动力学模型\Debug\link.3532.write.1.tlog
C:\Users\Administrator\Desktop\牛顿欧拉动力学模型\牛顿欧拉动力学模型\Debug\link.3532-cvtres.read.1.tlog
C:\Users\Administrator\Desktop\牛顿欧拉动力学模型\牛顿欧拉动力学模型\Debug\link.3532-cvtres.write.1.tlog
C:\Users\Administrator\Desktop\牛顿欧拉动力学模型\牛顿欧拉动力学模型\Debug\link.4740.read.1.tlog
C:\Users\Administrator\Desktop\牛顿欧拉动力学模型\牛顿欧拉动力学模型\Debug\link.4740.write.1.tlog
C:\Users\Administrator\Desktop\牛顿欧拉动力学模型\牛顿欧拉动力学模型\Debug\link.4740-cvtres.read.1.tlog
C:\Users\Administrator\Desktop\牛顿欧拉动力学模型\牛顿欧拉动力学模型\Debug\link.4740-cvtres.write.1.tlog
C:\Users\Administrator\Desktop\牛顿欧拉动力学模型\牛顿欧拉动力学模型\Debug\link.5232.read.1.tlog
C:\Users\Administrator\Desktop\牛顿欧拉动力学模型\牛顿欧拉动力学模型\Debug\link.5232.write.1.tlog
C:\Users\Administrator\Desktop\牛顿欧拉动力学模型\牛顿欧拉动力学模型\Debug\link.5232-cvtres.read.1.tlog
C:\Users\Administrator\Desktop\牛顿欧拉动力学模型\牛顿欧拉动力学模型\Debug\link.5232-cvtres.write.1.tlog
C:\Users\Administrator\Desktop\牛顿欧拉动力学模型\牛顿欧拉动力学模型\Debug\link.5652.read.1.tlog
C:\Users\Administrator\Desktop\牛顿欧拉动力学模型\牛顿欧拉动力学模型\Debug\link.5652.write.1.tlog
C:\Users\Administrator\Desktop\牛顿欧拉动力学模型\牛顿欧拉动力学模型\Debug\link.5652-cvtres.read.1.tlog
C:\Users\Administrator\Desktop\牛顿欧拉动力学模型\牛顿欧拉动力学模型\Debug\link.5652-cvtres.write.1.tlog
C:\Users\Administrator\Desktop\牛顿欧拉动力学模型\牛顿欧拉动力学模型\Debug\link.5988.read.1.tlog
C:\Users\Administrator\Desktop\牛顿欧拉动力学模型\牛顿欧拉动力学模型\Debug\link.5988.write.1.tlog
C:\Users\Administrator\Desktop\牛顿欧拉动力学模型\牛顿欧拉动力学模型\Debug\link.5988-cvtres.read.1.tlog
C:\Users\Administrator\Desktop\牛顿欧拉动力学模型\牛顿欧拉动力学模型\Debug\link.5988-cvtres.write.1.tlog
C:\Users\Administrator\Desktop\牛顿欧拉动力学模型\牛顿欧拉动力学模型\Debug\link.6032.read.1.tlog
C:\Users\Administrator\Desktop\牛顿欧拉动力学模型\牛顿欧拉动力学模型\Debug\link.6032.write.1.tlog
C:\Users\Administrator\Desktop\牛顿欧拉动力学模型\牛顿欧拉动力学模型\Debug\link.6032-cvtres.read.1.tlog
C:\Users\Administrator\Desktop\牛顿欧拉动力学模型\牛顿欧拉动力学模型\Debug\link.6032-cvtres.write.1.tlog
C:\Users\Administrator\Desktop\牛顿欧拉动力学模型\牛顿欧拉动力学模型\Debug\link.6428.read.1.tlog
C:\Users\Administrator\Desktop\牛顿欧拉动力学模型\牛顿欧拉动力学模型\Debug\link.6428.write.1.tlog
C:\Users\Administrator\Desktop\牛顿欧拉动力学模型\牛顿欧拉动力学模型\Debug\link.6428-cvtres.read.1.tlog
C:\Users\Administrator\Desktop\牛顿欧拉动力学模型\牛顿欧拉动力学模型\Debug\link.6428-cvtres.write.1.tlog
C:\Users\Administrator\Desktop\牛顿欧拉动力学模型\牛顿欧拉动力学模型\Debug\link.6588.read.1.tlog
C:\Users\Administrator\Desktop\牛顿欧拉动力学模型\牛顿欧拉动力学模型\Debug\link.6588.write.1.tlog
C:\Users\Administrator\Desktop\牛顿欧拉动力学模型\牛顿欧拉动力学模型\Debug\link.6588-cvtres.read.1.tlog
C:\Users\Administrator\Desktop\牛顿欧拉动力学模型\牛顿欧拉动力学模型\Debug\link.6588-cvtres.write.1.tlog
C:\Users\Administrator\Desktop\牛顿欧拉动力学模型\牛顿欧拉动力学模型\Debug\link.7192.read.1.tlog
C:\Users\Administrator\Desktop\牛顿欧拉动力学模型\牛顿欧拉动力学模型\Debug\link.7192.write.1.tlog
C:\Users\Administrator\Desktop\牛顿欧拉动力学模型\牛顿欧拉动力学模型\Debug\link.7192-cvtres.read.1.tlog
C:\Users\Administrator\Desktop\牛顿欧拉动力学模型\牛顿欧拉动力学模型\Debug\link.7192-cvtres.write.1.tlog
C:\Users\Administrator\Desktop\牛顿欧拉动力学模型\牛顿欧拉动力学模型\Debug\link.7232.read.1.tlog
C:\Users\Administrator\Desktop\牛顿欧拉动力学模型\牛顿欧拉动力学模型\Debug\link.7232.write.1.tlog
C:\Users\Administrator\Desktop\牛顿欧拉动力学模型\牛顿欧拉动力学模型\Debug\link.7232-cvtres.read.1.tlog
C:\Users\Administrator\Desktop\牛顿欧拉动力学模型\牛顿欧拉动力学模型\Debug\link.7232-cvtres.write.1.tlog
C:\Users\Administrator\Desktop\牛顿欧拉动力学模型\牛顿欧拉动力学模型\Debug\link.7416.read.1.tlog
C:\Users\Administrator\Desktop\牛顿欧拉动力学模型\牛顿欧拉动力学模型\Debug\link.7416.write.1.tlog
C:\Users\Administrator\Desktop\牛顿欧拉动力学模型\牛顿欧拉动力学模型\Debug\link.7416-cvtres.read.1.tlog
C:\Users\Administrator\Desktop\牛顿欧拉动力学模型\牛顿欧拉动力学模型\Debug\link.7416-cvtres.write.1.tlog
C:\Users\Administrator\Desktop\牛顿欧拉动力学模型\牛顿欧拉动力学模型\Debug\link.7632.read.1.tlog
C:\Users\Administrator\Desktop\牛顿欧拉动力学模型\牛顿欧拉动力学模型\Debug\link.7632.write.1.tlog
C:\Users\Administrator\Desktop\牛顿欧拉动力学模型\牛顿欧拉动力学模型\Debug\link.7632-cvtres.read.1.tlog
C:\Users\Administrator\Desktop\牛顿欧拉动力学模型\牛顿欧拉动力学模型\Debug\link.7632-cvtres.write.1.tlog
C:\Users\Administrator\Desktop\牛顿欧拉动力学模型\牛顿欧拉动力学模型\Debug\link.7716.read.1.tlog
C:\Users\Administrator\Desktop\牛顿欧拉动力学模型\牛顿欧拉动力学模型\Debug\link.7716.write.1.tlog
C:\Users\Administrator\Desktop\牛顿欧拉动力学模型\牛顿欧拉动力学模型\Debug\link.7716-cvtres.read.1.tlog
C:\Users\Administrator\Desktop\牛顿欧拉动力学模型\牛顿欧拉动力学模型\Debug\link.7716-cvtres.write.1.tlog
C:\Users\Administrator\Desktop\牛顿欧拉动力学模型\牛顿欧拉动力学模型\Debug\link.7840.read.1.tlog
C:\Users\Administrator\Desktop\牛顿欧拉动力学模型\牛顿欧拉动力学模型\Debug\link.7840.write.1.tlog
C:\Users\Administrator\Desktop\牛顿欧拉动力学模型\牛顿欧拉动力学模型\Debug\link.7840-cvtres.read.1.tlog
C:\Users\Administrator\Desktop\牛顿欧拉动力学模型\牛顿欧拉动力学模型\Debug\link.7840-cvtres.write.1.tlog
C:\Users\Administrator\Desktop\牛顿欧拉动力学模型\牛顿欧拉动力学模型\Debug\link.800.read.1.tlog
C:\Users\Administrator\Desktop\牛顿欧拉动力学模型\牛顿欧拉动力学模型\Debug\link.800.write.1.tlog
C:\Users\Administrator\Desktop\牛顿欧拉动力学模型\牛顿欧拉动力学模型\Debug\link.800-cvtres.read.1.tlog
C:\Users\Administrator\Desktop\牛顿欧拉动力学模型\牛顿欧拉动力学模型\Debug\link.800-cvtres.write.1.tlog
C:\Users\Administrator\Desktop\牛顿欧拉动力学模型\牛顿欧拉动力学模型\Debug\link.8084.read.1.tlog
C:\Users\Administrator\Desktop\牛顿欧拉动力学模型\牛顿欧拉动力学模型\Debug\link.8084.write.1.tlog
C:\Users\Administrator\Desktop\牛顿欧拉动力学模型\牛顿欧拉动力学模型\Debug\link.8084-cvtres.read.1.tlog
C:\Users\Administrator\Desktop\牛顿欧拉动力学模型\牛顿欧拉动力学模型\Debug\link.8084-cvtres.write.1.tlog
C:\Users\Administrator\Desktop\牛顿欧拉动力学模型\牛顿欧拉动力学模型\Debug\link.8432.read.1.tlog
C:\Users\Administrator\Desktop\牛顿欧拉动力学模型\牛顿欧拉动力学模型\Debug\link.8432.write.1.tlog
C:\Users\Administrator\Desktop\牛顿欧拉动力学模型\牛顿欧拉动力学模型\Debug\link.8432-cvtres.read.1.tlog
C:\Users\Administrator\Desktop\牛顿欧拉动力学模型\牛顿欧拉动力学模型\Debug\link.8432-cvtres.write.1.tlog
C:\Users\Administrator\Desktop\牛顿欧拉动力学模型\牛顿欧拉动力学模型\Debug\link.8504.read.1.tlog
C:\Users\Administrator\Desktop\牛顿欧拉动力学模型\牛顿欧拉动力学模型\Debug\link.8504.write.1.tlog
C:\Users\Administrator\Desktop\牛顿欧拉动力学模型\牛顿欧拉动力学模型\Debug\link.8504-cvtres.read.1.tlog
C:\Users\Administrator\Desktop\牛顿欧拉动力学模型\牛顿欧拉动力学模型\Debug\link.8504-cvtres.write.1.tlog
C:\Users\Administrator\Desktop\牛顿欧拉动力学模型\牛顿欧拉动力学模型\Debug\link.8560.read.1.tlog
C:\Users\Administrator\Desktop\牛顿欧拉动力学模型\牛顿欧拉动力学模型\Debug\link.8560.write.1.tlog
C:\Users\Administrator\Desktop\牛顿欧拉动力学模型\牛顿欧拉动力学模型\Debug\link.8560-cvtres.read.1.tlog
C:\Users\Administrator\Desktop\牛顿欧拉动力学模型\牛顿欧拉动力学模型\Debug\link.8560-cvtres.write.1.tlog
C:\Users\Administrator\Desktop\牛顿欧拉动力学模型\牛顿欧拉动力学模型\Debug\link.8660.read.1.tlog
C:\Users\Administrator\Desktop\牛顿欧拉动力学模型\牛顿欧拉动力学模型\Debug\link.8660.write.1.tlog
C:\Users\Administrator\Desktop\牛顿欧拉动力学模型\牛顿欧拉动力学模型\Debug\link.8660-cvtres.read.1.tlog
C:\Users\Administrator\Desktop\牛顿欧拉动力学模型\牛顿欧拉动力学模型\Debug\link.8660-cvtres.write.1.tlog
C:\Users\Administrator\Desktop\牛顿欧拉动力学模型\牛顿欧拉动力学模型\Debug\link.8696.read.1.tlog
C:\Users\Administrator\Desktop\牛顿欧拉动力学模型\牛顿欧拉动力学模型\Debug\link.8696.write.1.tlog
C:\Users\Administrator\Desktop\牛顿欧拉动力学模型\牛顿欧拉动力学模型\Debug\link.8696-cvtres.read.1.tlog
C:\Users\Administrator\Desktop\牛顿欧拉动力学模型\牛顿欧拉动力学模型\Debug\link.8696-cvtres.write.1.tlog
C:\Users\Administrator\Desktop\牛顿欧拉动力学模型\牛顿欧拉动力学模型\Debug\link.8872.read.1.tlog
C:\Users\Administrator\Desktop\牛顿欧拉动力学模型\牛顿欧拉动力学模型\Debug\link.8872.write.1.tlog
C:\Users\Administrator\Desktop\牛顿欧拉动力学模型\牛顿欧拉动力学模型\Debug\link.8872-cvtres.read.1.tlog
C:\Users\Administrator\Desktop\牛顿欧拉动力学模型\牛顿欧拉动力学模型\Debug\link.8872-cvtres.write.1.tlog
C:\Users\Administrator\Desktop\牛顿欧拉动力学模型\牛顿欧拉动力学模型\Debug\link.8896.read.1.tlog
C:\Users\Administrator\Desktop\牛顿欧拉动力学模型\牛顿欧拉动力学模型\Debug\link.8896.write.1.tlog
C:\Users\Administrator\Desktop\牛顿欧拉动力学模型\牛顿欧拉动力学模型\Debug\link.8896-cvtres.read.1.tlog
C:\Users\Administrator\Desktop\牛顿欧拉动力学模型\牛顿欧拉动力学模型\Debug\link.8896-cvtres.write.1.tlog
C:\Users\Administrator\Desktop\牛顿欧拉动力学模型\牛顿欧拉动力学模型\Debug\link.8988.read.1.tlog
C:\Users\Administrator\Desktop\牛顿欧拉动力学模型\牛顿欧拉动力学模型\Debug\link.8988.write.1.tlog
C:\Users\Administrator\Desktop\牛顿欧拉动力学模型\牛顿欧拉动力学模型\Debug\link.8988-cvtres.read.1.tlog
C:\Users\Administrator\Desktop\牛顿欧拉动力学模型\牛顿欧拉动力学模型\Debug\link.8988-cvtres.write.1.tlog
C:\Users\Administrator\Desktop\牛顿欧拉动力学模型\牛顿欧拉动力学模型\Debug\link.9120.read.1.tlog
C:\Users\Administrator\Desktop\牛顿欧拉动力学模型\牛顿欧拉动力学模型\Debug\link.9120.write.1.tlog
C:\Users\Administrator\Desktop\牛顿欧拉动力学模型\牛顿欧拉动力学模型\Debug\link.9120-cvtres.read.1.tlog
C:\Users\Administrator\Desktop\牛顿欧拉动力学模型\牛顿欧拉动力学模型\Debug\link.9120-cvtres.write.1.tlog
C:\Users\Administrator\Desktop\牛顿欧拉动力学模型\牛顿欧拉动力学模型\Debug\link.9168.read.1.tlog
C:\Users\Administrator\Desktop\牛顿欧拉动力学模型\牛顿欧拉动力学模型\Debug\link.9168.write.1.tlog
C:\Users\Administrator\Desktop\牛顿欧拉动力学模型\牛顿欧拉动力学模型\Debug\link.9168-cvtres.read.1.tlog
C:\Users\Administrator\Desktop\牛顿欧拉动力学模型\牛顿欧拉动力学模型\Debug\link.9168-cvtres.write.1.tlog
C:\Users\Administrator\Desktop\牛顿欧拉动力学模型\牛顿欧拉动力学模型\Debug\link.9260.read.1.tlog
C:\Users\Administrator\Desktop\牛顿欧拉动力学模型\牛顿欧拉动力学模型\Debug\link.9260.write.1.tlog
C:\Users\Administrator\Desktop\牛顿欧拉动力学模型\牛顿欧拉动力学模型\Debug\link.9260-cvtres.read.1.tlog
C:\Users\Administrator\Desktop\牛顿欧拉动力学模型\牛顿欧拉动力学模型\Debug\link.9260-cvtres.write.1.tlog
C:\Users\Administrator\Desktop\牛顿欧拉动力学模型\牛顿欧拉动力学模型\Debug\link.928.read.1.tlog
C:\Users\Administrator\Desktop\牛顿欧拉动力学模型\牛顿欧拉动力学模型\Debug\link.928.write.1.tlog
C:\Users\Administrator\Desktop\牛顿欧拉动力学模型\牛顿欧拉动力学模型\Debug\link.9280.read.1.tlog
C:\Users\Administrator\Desktop\牛顿欧拉动力学模型\牛顿欧拉动力学模型\Debug\link.9280.write.1.tlog
C:\Users\Administrator\Desktop\牛顿欧拉动力学模型\牛顿欧拉动力学模型\Debug\link.9280-cvtres.read.1.tlog
C:\Users\Administrator\Desktop\牛顿欧拉动力学模型\牛顿欧拉动力学模型\Debug\link.9280-cvtres.write.1.tlog
C:\Users\Administrator\Desktop\牛顿欧拉动力学模型\牛顿欧拉动力学模型\Debug\link.928-cvtres.read.1.tlog
C:\Users\Administrator\Desktop\牛顿欧拉动力学模型\牛顿欧拉动力学模型\Debug\link.928-cvtres.write.1.tlog
C:\Users\Administrator\Desktop\牛顿欧拉动力学模型\牛顿欧拉动力学模型\Debug\link.9312.read.1.tlog
C:\Users\Administrator\Desktop\牛顿欧拉动力学模型\牛顿欧拉动力学模型\Debug\link.9312.write.1.tlog
C:\Users\Administrator\Desktop\牛顿欧拉动力学模型\牛顿欧拉动力学模型\Debug\link.9312-cvtres.read.1.tlog
C:\Users\Administrator\Desktop\牛顿欧拉动力学模型\牛顿欧拉动力学模型\Debug\link.9312-cvtres.write.1.tlog
C:\Users\Administrator\Desktop\牛顿欧拉动力学模型\牛顿欧拉动力学模型\Debug\link.9396.read.1.tlog
C:\Users\Administrator\Desktop\牛顿欧拉动力学模型\牛顿欧拉动力学模型\Debug\link.9396.write.1.tlog
C:\Users\Administrator\Desktop\牛顿欧拉动力学模型\牛顿欧拉动力学模型\Debug\link.9396-cvtres.read.1.tlog
C:\Users\Administrator\Desktop\牛顿欧拉动力学模型\牛顿欧拉动力学模型\Debug\link.9396-cvtres.write.1.tlog
C:\Users\Administrator\Desktop\牛顿欧拉动力学模型\牛顿欧拉动力学模型\Debug\link.9624.read.1.tlog
C:\Users\Administrator\Desktop\牛顿欧拉动力学模型\牛顿欧拉动力学模型\Debug\link.9624.write.1.tlog
C:\Users\Administrator\Desktop\牛顿欧拉动力学模型\牛顿欧拉动力学模型\Debug\link.9624-cvtres.read.1.tlog
C:\Users\Administrator\Desktop\牛顿欧拉动力学模型\牛顿欧拉动力学模型\Debug\link.9624-cvtres.write.1.tlog
C:\Users\Administrator\Desktop\牛顿欧拉动力学模型\牛顿欧拉动力学模型\Debug\link.9676.read.1.tlog
C:\Users\Administrator\Desktop\牛顿欧拉动力学模型\牛顿欧拉动力学模型\Debug\link.9676.write.1.tlog
C:\Users\Administrator\Desktop\牛顿欧拉动力学模型\牛顿欧拉动力学模型\Debug\link.9676-cvtres.read.1.tlog
C:\Users\Administrator\Desktop\牛顿欧拉动力学模型\牛顿欧拉动力学模型\Debug\link.9676-cvtres.write.1.tlog
C:\Users\Administrator\Desktop\牛顿欧拉动力学模型\牛顿欧拉动力学模型\Debug\link.9716.read.1.tlog
C:\Users\Administrator\Desktop\牛顿欧拉动力学模型\牛顿欧拉动力学模型\Debug\link.9716.write.1.tlog
C:\Users\Administrator\Desktop\牛顿欧拉动力学模型\牛顿欧拉动力学模型\Debug\link.9716-cvtres.read.1.tlog
C:\Users\Administrator\Desktop\牛顿欧拉动力学模型\牛顿欧拉动力学模型\Debug\link.9716-cvtres.write.1.tlog
C:\Users\Administrator\Desktop\牛顿欧拉动力学模型\牛顿欧拉动力学模型\Debug\link.9968.read.1.tlog
C:\Users\Administrator\Desktop\牛顿欧拉动力学模型\牛顿欧拉动力学模型\Debug\link.9968.write.1.tlog
C:\Users\Administrator\Desktop\牛顿欧拉动力学模型\牛顿欧拉动力学模型\Debug\link.9968-cvtres.read.1.tlog
C:\Users\Administrator\Desktop\牛顿欧拉动力学模型\牛顿欧拉动力学模型\Debug\link.9968-cvtres.write.1.tlog
C:\Users\Administrator\Desktop\牛顿欧拉动力学模型\牛顿欧拉动力学模型\Debug\link.command.1.tlog
C:\Users\Administrator\Desktop\牛顿欧拉动力学模型\牛顿欧拉动力学模型\Debug\link.read.1.tlog
C:\Users\Administrator\Desktop\牛顿欧拉动力学模型\牛顿欧拉动力学模型\Debug\link.write.1.tlog
C:\Users\Administrator\Desktop\牛顿欧拉动力学模型\牛顿欧拉动力学模型\Debug\link-cvtres.read.1.tlog
C:\Users\Administrator\Desktop\牛顿欧拉动力学模型\牛顿欧拉动力学模型\Debug\link-cvtres.write.1.tlog
C:\Users\Administrator\Desktop\牛顿欧拉动力学模型\牛顿欧拉动力学模型\Debug\mt.command.1.tlog
C:\Users\Administrator\Desktop\牛顿欧拉动力学模型\牛顿欧拉动力学模型\Debug\mt.read.1.tlog
C:\Users\Administrator\Desktop\牛顿欧拉动力学模型\牛顿欧拉动力学模型\Debug\mt.write.1.tlog
C:\Users\Administrator\Desktop\牛顿欧拉动力学模型\牛顿欧拉动力学模型\Debug\rc.command.1.tlog
C:\Users\Administrator\Desktop\牛顿欧拉动力学模型\牛顿欧拉动力学模型\Debug\rc.read.1.tlog
C:\Users\Administrator\Desktop\牛顿欧拉动力学模型\牛顿欧拉动力学模型\Debug\rc.write.1.tlog
C:\Users\Administrator\Desktop\牛顿欧拉动力学模型\牛顿欧拉动力学模型\Debug\vc100.idb
C:\USERS\ADMINISTRATOR\DESKTOP\牛顿欧拉动力学模型\牛顿欧拉动力学模型\DEBUG\VC100.PDB
C:\USERS\ADMINISTRATOR\DESKTOP\牛顿欧拉动力学模型\牛顿欧拉动力学模型\DEBUG\牛顿欧拉动力学模型.EXE.EMBED.MANIFEST
C:\USERS\ADMINISTRATOR\DESKTOP\牛顿欧拉动力学模型\牛顿欧拉动力学模型\DEBUG\牛顿欧拉动力学模型.EXE.EMBED.MANIFEST.RES
C:\USERS\ADMINISTRATOR\DESKTOP\牛顿欧拉动力学模型\牛顿欧拉动力学模型\DEBUG\牛顿欧拉动力学模型.EXE.INTERMEDIATE.MANIFEST
C:\USERS\ADMINISTRATOR\DESKTOP\牛顿欧拉动力学模型\牛顿欧拉动力学模型\DEBUG\牛顿欧拉动力学模型.OBJ
C:\Users\Administrator\Desktop\牛顿欧拉动力学模型\牛顿欧拉动力学模型\Debug\牛顿欧拉动力学模型.write.1.tlog
C:\Users\Administrator\Desktop\牛顿欧拉动力学模型\牛顿欧拉动力学模型\Debug\牛顿欧拉动力学模型_manifest.rc
